<?xml version="1.0" encoding="UTF-8"?>
<!-- Generated by org.testng.reporters.JUnitXMLReporter -->
<testsuite ignored="0" hostname="LTIN230711" failures="0" tests="9" name="EdgeTest" time="153.197" errors="0" timestamp="2024-02-13T20:08:34 IST">
  <testcase classname="TestCases.TC001_HomePage" name="test1" time="0.913"/>
  <testcase classname="TestCases.TC001_HomePage" name="test2" time="12.175"/>
  <testcase classname="TestCases.TC002_UsedCars" name="test3" time="30.022"/>
  <testcase classname="TestCases.TC002_UsedCars" name="test4" time="1.429"/>
  <testcase classname="TestCases.TC001_HomePage" name="Test5" time="1.532"/>
  <testcase classname="TestCases.TC003_UpcomingBikePage" name="test6" time="1.22"/>
  <testcase classname="TestCases.TC003_UpcomingBikePage" name="test7" time="21.386"/>
  <testcase classname="TestCases.TC003_UpcomingBikePage" name="test8" time="1.705"/>
  <testcase classname="TestCases.TC001_HomePage" name="Test9" time="10.071"/>
</testsuite> <!-- EdgeTest -->
