<?xml version="1.0" encoding="UTF-8"?>
<testng-results ignored="0" total="9" passed="9" failed="0" skipped="0">
  <reporter-output>
  </reporter-output>
  <suite started-at="2024-02-09T20:30:13 IST" name="Suite" finished-at="2024-02-09T20:31:43 IST" duration-ms="89923">
    <groups>
    </groups>
    <test started-at="2024-02-09T20:30:13 IST" name="ChromeTest" finished-at="2024-02-09T20:31:43 IST" duration-ms="89923">
      <class name="TestCases.TC003_UpcomingBikePage">
        <test-method is-config="true" signature="setup(java.lang.String,java.lang.String)[pri:0, instance:TestCases.TC003_UpcomingBikePage@14dd9eb7]" started-at="2024-02-09T20:30:13 IST" name="setup" finished-at="2024-02-09T20:30:26 IST" duration-ms="12728" status="PASS">
          <params>
            <param index="0">
              <value>
                <![CDATA[Windows]]>
              </value>
            </param>
            <param index="1">
              <value>
                <![CDATA[chrome]]>
              </value>
            </param>
          </params>
          <reporter-output>
          </reporter-output>
        </test-method> <!-- setup -->
        <test-method signature="test1()[pri:1, instance:TestCases.TC003_UpcomingBikePage@14dd9eb7]" started-at="2024-02-09T20:30:26 IST" name="test1" finished-at="2024-02-09T20:30:27 IST" duration-ms="1314" status="PASS">
          <reporter-output>
          </reporter-output>
        </test-method> <!-- test1 -->
        <test-method signature="test2()[pri:2, instance:TestCases.TC003_UpcomingBikePage@14dd9eb7]" started-at="2024-02-09T20:30:28 IST" name="test2" finished-at="2024-02-09T20:30:38 IST" duration-ms="9616" status="PASS">
          <reporter-output>
          </reporter-output>
        </test-method> <!-- test2 -->
        <test-method signature="test3()[pri:3, instance:TestCases.TC003_UpcomingBikePage@14dd9eb7]" started-at="2024-02-09T20:30:38 IST" name="test3" finished-at="2024-02-09T20:31:06 IST" duration-ms="28084" status="PASS">
          <reporter-output>
          </reporter-output>
        </test-method> <!-- test3 -->
        <test-method signature="test4()[pri:4, instance:TestCases.TC003_UpcomingBikePage@14dd9eb7]" started-at="2024-02-09T20:31:07 IST" name="test4" finished-at="2024-02-09T20:31:09 IST" duration-ms="1993" status="PASS">
          <reporter-output>
          </reporter-output>
        </test-method> <!-- test4 -->
        <test-method signature="Test5()[pri:5, instance:TestCases.TC003_UpcomingBikePage@14dd9eb7]" started-at="2024-02-09T20:31:10 IST" name="Test5" finished-at="2024-02-09T20:31:13 IST" duration-ms="2953" status="PASS">
          <reporter-output>
          </reporter-output>
        </test-method> <!-- Test5 -->
        <test-method signature="test6()[pri:6, instance:TestCases.TC003_UpcomingBikePage@14dd9eb7]" started-at="2024-02-09T20:31:14 IST" name="test6" finished-at="2024-02-09T20:31:16 IST" duration-ms="2388" status="PASS">
          <reporter-output>
          </reporter-output>
        </test-method> <!-- test6 -->
        <test-method signature="test7()[pri:7, instance:TestCases.TC003_UpcomingBikePage@14dd9eb7]" started-at="2024-02-09T20:31:17 IST" name="test7" finished-at="2024-02-09T20:31:29 IST" duration-ms="12323" status="PASS">
          <reporter-output>
          </reporter-output>
        </test-method> <!-- test7 -->
        <test-method signature="test8()[pri:8, instance:TestCases.TC003_UpcomingBikePage@14dd9eb7]" started-at="2024-02-09T20:31:30 IST" name="test8" finished-at="2024-02-09T20:31:31 IST" duration-ms="1621" status="PASS">
          <reporter-output>
          </reporter-output>
        </test-method> <!-- test8 -->
        <test-method signature="Test9()[pri:9, instance:TestCases.TC003_UpcomingBikePage@14dd9eb7]" started-at="2024-02-09T20:31:33 IST" name="Test9" finished-at="2024-02-09T20:31:41 IST" duration-ms="8767" status="PASS">
          <reporter-output>
          </reporter-output>
        </test-method> <!-- Test9 -->
        <test-method is-config="true" signature="teardown()[pri:0, instance:TestCases.TC003_UpcomingBikePage@14dd9eb7]" started-at="2024-02-09T20:31:42 IST" name="teardown" finished-at="2024-02-09T20:31:43 IST" duration-ms="1188" status="PASS">
          <reporter-output>
          </reporter-output>
        </test-method> <!-- teardown -->
      </class> <!-- TestCases.TC003_UpcomingBikePage -->
    </test> <!-- ChromeTest -->
  </suite> <!-- Suite -->
</testng-results>
