<?xml version="1.0" encoding="UTF-8"?>
<testng-results ignored="0" total="18" passed="18" failed="0" skipped="0">
  <reporter-output>
  </reporter-output>
  <suite started-at="2024-02-13T20:04:21 IST" name="Suite" finished-at="2024-02-13T20:08:34 IST" duration-ms="252784">
    <groups>
    </groups>
    <test started-at="2024-02-13T20:04:21 IST" name="ChromeTest" finished-at="2024-02-13T20:06:00 IST" duration-ms="99012">
      <class name="TestCases.TC003_UpcomingBikePage">
        <test-method is-config="true" signature="setup(java.lang.String,java.lang.String)[pri:0, instance:TestCases.TC003_UpcomingBikePage@1189dd52]" started-at="2024-02-13T20:04:22 IST" name="setup" finished-at="2024-02-13T20:04:46 IST" duration-ms="24625" status="PASS">
          <params>
            <param index="0">
              <value>
                <![CDATA[Windows]]>
              </value>
            </param>
            <param index="1">
              <value>
                <![CDATA[chrome]]>
              </value>
            </param>
          </params>
          <reporter-output>
          </reporter-output>
        </test-method> <!-- setup -->
        <test-method signature="test1()[pri:1, instance:TestCases.TC003_UpcomingBikePage@1189dd52]" started-at="2024-02-13T20:04:46 IST" name="test1" finished-at="2024-02-13T20:04:47 IST" duration-ms="701" status="PASS">
          <reporter-output>
          </reporter-output>
        </test-method> <!-- test1 -->
        <test-method signature="test2()[pri:2, instance:TestCases.TC003_UpcomingBikePage@1189dd52]" started-at="2024-02-13T20:04:48 IST" name="test2" finished-at="2024-02-13T20:04:58 IST" duration-ms="10234" status="PASS">
          <reporter-output>
          </reporter-output>
        </test-method> <!-- test2 -->
        <test-method signature="test3()[pri:3, instance:TestCases.TC003_UpcomingBikePage@1189dd52]" started-at="2024-02-13T20:04:59 IST" name="test3" finished-at="2024-02-13T20:05:27 IST" duration-ms="28430" status="PASS">
          <reporter-output>
          </reporter-output>
        </test-method> <!-- test3 -->
        <test-method signature="test4()[pri:4, instance:TestCases.TC003_UpcomingBikePage@1189dd52]" started-at="2024-02-13T20:05:28 IST" name="test4" finished-at="2024-02-13T20:05:29 IST" duration-ms="1583" status="PASS">
          <reporter-output>
          </reporter-output>
        </test-method> <!-- test4 -->
        <test-method signature="Test5()[pri:5, instance:TestCases.TC003_UpcomingBikePage@1189dd52]" started-at="2024-02-13T20:05:30 IST" name="Test5" finished-at="2024-02-13T20:05:32 IST" duration-ms="1928" status="PASS">
          <reporter-output>
          </reporter-output>
        </test-method> <!-- Test5 -->
        <test-method signature="test6()[pri:6, instance:TestCases.TC003_UpcomingBikePage@1189dd52]" started-at="2024-02-13T20:05:32 IST" name="test6" finished-at="2024-02-13T20:05:35 IST" duration-ms="2763" status="PASS">
          <reporter-output>
          </reporter-output>
        </test-method> <!-- test6 -->
        <test-method signature="test7()[pri:7, instance:TestCases.TC003_UpcomingBikePage@1189dd52]" started-at="2024-02-13T20:05:36 IST" name="test7" finished-at="2024-02-13T20:05:47 IST" duration-ms="11882" status="PASS">
          <reporter-output>
          </reporter-output>
        </test-method> <!-- test7 -->
        <test-method signature="test8()[pri:8, instance:TestCases.TC003_UpcomingBikePage@1189dd52]" started-at="2024-02-13T20:05:48 IST" name="test8" finished-at="2024-02-13T20:05:50 IST" duration-ms="1723" status="PASS">
          <reporter-output>
          </reporter-output>
        </test-method> <!-- test8 -->
        <test-method signature="Test9()[pri:9, instance:TestCases.TC003_UpcomingBikePage@1189dd52]" started-at="2024-02-13T20:05:51 IST" name="Test9" finished-at="2024-02-13T20:05:59 IST" duration-ms="7851" status="PASS">
          <reporter-output>
          </reporter-output>
        </test-method> <!-- Test9 -->
        <test-method is-config="true" signature="teardown()[pri:0, instance:TestCases.TC003_UpcomingBikePage@1189dd52]" started-at="2024-02-13T20:05:59 IST" name="teardown" finished-at="2024-02-13T20:06:00 IST" duration-ms="1327" status="PASS">
          <reporter-output>
          </reporter-output>
        </test-method> <!-- teardown -->
      </class> <!-- TestCases.TC003_UpcomingBikePage -->
    </test> <!-- ChromeTest -->
    <test started-at="2024-02-13T20:06:01 IST" name="EdgeTest" finished-at="2024-02-13T20:08:34 IST" duration-ms="153197">
      <class name="TestCases.TC003_UpcomingBikePage">
        <test-method is-config="true" signature="setup(java.lang.String,java.lang.String)[pri:0, instance:TestCases.TC003_UpcomingBikePage@7b2bbc3]" started-at="2024-02-13T20:06:01 IST" name="setup" finished-at="2024-02-13T20:07:08 IST" duration-ms="67093" status="PASS">
          <params>
            <param index="0">
              <value>
                <![CDATA[Windows]]>
              </value>
            </param>
            <param index="1">
              <value>
                <![CDATA[edge]]>
              </value>
            </param>
          </params>
          <reporter-output>
          </reporter-output>
        </test-method> <!-- setup -->
        <test-method signature="test1()[pri:1, instance:TestCases.TC003_UpcomingBikePage@7b2bbc3]" started-at="2024-02-13T20:07:08 IST" name="test1" finished-at="2024-02-13T20:07:09 IST" duration-ms="913" status="PASS">
          <reporter-output>
          </reporter-output>
        </test-method> <!-- test1 -->
        <test-method signature="test2()[pri:2, instance:TestCases.TC003_UpcomingBikePage@7b2bbc3]" started-at="2024-02-13T20:07:09 IST" name="test2" finished-at="2024-02-13T20:07:22 IST" duration-ms="12175" status="PASS">
          <reporter-output>
          </reporter-output>
        </test-method> <!-- test2 -->
        <test-method signature="test3()[pri:3, instance:TestCases.TC003_UpcomingBikePage@7b2bbc3]" started-at="2024-02-13T20:07:22 IST" name="test3" finished-at="2024-02-13T20:07:52 IST" duration-ms="30022" status="PASS">
          <reporter-output>
          </reporter-output>
        </test-method> <!-- test3 -->
        <test-method signature="test4()[pri:4, instance:TestCases.TC003_UpcomingBikePage@7b2bbc3]" started-at="2024-02-13T20:07:52 IST" name="test4" finished-at="2024-02-13T20:07:54 IST" duration-ms="1429" status="PASS">
          <reporter-output>
          </reporter-output>
        </test-method> <!-- test4 -->
        <test-method signature="Test5()[pri:5, instance:TestCases.TC003_UpcomingBikePage@7b2bbc3]" started-at="2024-02-13T20:07:54 IST" name="Test5" finished-at="2024-02-13T20:07:56 IST" duration-ms="1532" status="PASS">
          <reporter-output>
          </reporter-output>
        </test-method> <!-- Test5 -->
        <test-method signature="test6()[pri:6, instance:TestCases.TC003_UpcomingBikePage@7b2bbc3]" started-at="2024-02-13T20:07:56 IST" name="test6" finished-at="2024-02-13T20:07:57 IST" duration-ms="1220" status="PASS">
          <reporter-output>
          </reporter-output>
        </test-method> <!-- test6 -->
        <test-method signature="test7()[pri:7, instance:TestCases.TC003_UpcomingBikePage@7b2bbc3]" started-at="2024-02-13T20:07:58 IST" name="test7" finished-at="2024-02-13T20:08:19 IST" duration-ms="21386" status="PASS">
          <reporter-output>
          </reporter-output>
        </test-method> <!-- test7 -->
        <test-method signature="test8()[pri:8, instance:TestCases.TC003_UpcomingBikePage@7b2bbc3]" started-at="2024-02-13T20:08:20 IST" name="test8" finished-at="2024-02-13T20:08:21 IST" duration-ms="1705" status="PASS">
          <reporter-output>
          </reporter-output>
        </test-method> <!-- test8 -->
        <test-method signature="Test9()[pri:9, instance:TestCases.TC003_UpcomingBikePage@7b2bbc3]" started-at="2024-02-13T20:08:23 IST" name="Test9" finished-at="2024-02-13T20:08:33 IST" duration-ms="10071" status="PASS">
          <reporter-output>
          </reporter-output>
        </test-method> <!-- Test9 -->
        <test-method is-config="true" signature="teardown()[pri:0, instance:TestCases.TC003_UpcomingBikePage@7b2bbc3]" started-at="2024-02-13T20:08:33 IST" name="teardown" finished-at="2024-02-13T20:08:34 IST" duration-ms="1410" status="PASS">
          <reporter-output>
          </reporter-output>
        </test-method> <!-- teardown -->
      </class> <!-- TestCases.TC003_UpcomingBikePage -->
    </test> <!-- EdgeTest -->
  </suite> <!-- Suite -->
</testng-results>
